2021-05-05 12:22:51.533  INFO 5372 --- [main] pe.edu.pucp.sia.SiaApplication           : Starting SiaApplication using Java 15.0.2 on DESKTOP-LJ55RPR with PID 5372 (D:\GitHubRepositories\ProyectoSia\target\classes started by Joseph in D:\GitHubRepositories\ProyectoSia)
2021-05-05 12:22:51.536  INFO 5372 --- [main] pe.edu.pucp.sia.SiaApplication           : No active profile set, falling back to default profiles: default
2021-05-05 12:22:52.204  INFO 5372 --- [main] .s.d.r.c.RepositoryConfigurationDelegate : Bootstrapping Spring Data JPA repositories in DEFAULT mode.
2021-05-05 12:22:52.277  INFO 5372 --- [main] .s.d.r.c.RepositoryConfigurationDelegate : Finished Spring Data repository scanning in 64 ms. Found 4 JPA repository interfaces.
2021-05-05 12:22:52.940  INFO 5372 --- [main] o.s.b.w.embedded.tomcat.TomcatWebServer  : Tomcat initialized with port(s): 8080 (http)
2021-05-05 12:22:52.952  INFO 5372 --- [main] o.apache.catalina.core.StandardService   : Starting service [Tomcat]
2021-05-05 12:22:52.952  INFO 5372 --- [main] org.apache.catalina.core.StandardEngine  : Starting Servlet engine: [Apache Tomcat/9.0.45]
2021-05-05 12:22:53.086  INFO 5372 --- [main] o.a.c.c.C.[Tomcat].[localhost].[/]       : Initializing Spring embedded WebApplicationContext
2021-05-05 12:22:53.087  INFO 5372 --- [main] w.s.c.ServletWebServerApplicationContext : Root WebApplicationContext: initialization completed in 1498 ms
2021-05-05 12:22:53.340  INFO 5372 --- [main] o.hibernate.jpa.internal.util.LogHelper  : HHH000204: Processing PersistenceUnitInfo [name: default]
2021-05-05 12:22:53.423  INFO 5372 --- [main] org.hibernate.Version                    : HHH000412: Hibernate ORM core version 5.4.30.Final
2021-05-05 12:22:53.628  INFO 5372 --- [main] o.hibernate.annotations.common.Version   : HCANN000001: Hibernate Commons Annotations {5.1.2.Final}
2021-05-05 12:22:53.757  INFO 5372 --- [main] com.zaxxer.hikari.HikariDataSource       : HikariPool-1 - Starting...
2021-05-05 12:22:56.155  INFO 5372 --- [main] com.zaxxer.hikari.HikariDataSource       : HikariPool-1 - Start completed.
2021-05-05 12:22:56.189  INFO 5372 --- [main] org.hibernate.dialect.Dialect            : HHH000400: Using dialect: org.hibernate.dialect.MySQL8Dialect
2021-05-05 12:22:58.827  INFO 5372 --- [main] o.h.e.t.j.p.i.JtaPlatformInitiator       : HHH000490: Using JtaPlatform implementation: [org.hibernate.engine.transaction.jta.platform.internal.NoJtaPlatform]
2021-05-05 12:22:58.843  INFO 5372 --- [main] j.LocalContainerEntityManagerFactoryBean : Initialized JPA EntityManagerFactory for persistence unit 'default'
2021-05-05 12:22:59.216  WARN 5372 --- [main] JpaBaseConfiguration$JpaWebConfiguration : spring.jpa.open-in-view is enabled by default. Therefore, database queries may be performed during view rendering. Explicitly configure spring.jpa.open-in-view to disable this warning
2021-05-05 12:22:59.603  WARN 5372 --- [main] ConfigServletWebServerApplicationContext : Exception encountered during context initialization - cancelling refresh attempt: org.springframework.context.ApplicationContextException: Failed to start bean 'webServerStartStop'; nested exception is org.springframework.boot.web.server.PortInUseException: Port 8080 is already in use
2021-05-05 12:22:59.605  INFO 5372 --- [main] j.LocalContainerEntityManagerFactoryBean : Closing JPA EntityManagerFactory for persistence unit 'default'
2021-05-05 12:22:59.609  INFO 5372 --- [main] com.zaxxer.hikari.HikariDataSource       : HikariPool-1 - Shutdown initiated...
2021-05-05 12:23:00.494  INFO 5372 --- [main] com.zaxxer.hikari.HikariDataSource       : HikariPool-1 - Shutdown completed.
2021-05-05 12:23:00.498  INFO 5372 --- [main] o.apache.catalina.core.StandardService   : Stopping service [Tomcat]
2021-05-05 12:23:00.524  INFO 5372 --- [main] ConditionEvaluationReportLoggingListener : 

Error starting ApplicationContext. To display the conditions report re-run your application with 'debug' enabled.
2021-05-05 12:23:00.552 ERROR 5372 --- [main] o.s.b.d.LoggingFailureAnalysisReporter   : 

***************************
APPLICATION FAILED TO START
***************************

Description:

Web server failed to start. Port 8080 was already in use.

Action:

Identify and stop the process that's listening on port 8080 or configure this application to listen on another port.

2021-05-05 12:23:36.835  INFO 2656 --- [main] pe.edu.pucp.sia.SiaApplication           : Starting SiaApplication using Java 15.0.2 on DESKTOP-LJ55RPR with PID 2656 (D:\GitHubRepositories\ProyectoSia\target\classes started by Joseph in D:\GitHubRepositories\ProyectoSia)
2021-05-05 12:23:36.839  INFO 2656 --- [main] pe.edu.pucp.sia.SiaApplication           : No active profile set, falling back to default profiles: default
2021-05-05 12:23:37.667  INFO 2656 --- [main] .s.d.r.c.RepositoryConfigurationDelegate : Bootstrapping Spring Data JPA repositories in DEFAULT mode.
2021-05-05 12:23:37.733  INFO 2656 --- [main] .s.d.r.c.RepositoryConfigurationDelegate : Finished Spring Data repository scanning in 56 ms. Found 4 JPA repository interfaces.
2021-05-05 12:23:38.399  INFO 2656 --- [main] o.s.b.w.embedded.tomcat.TomcatWebServer  : Tomcat initialized with port(s): 8080 (http)
2021-05-05 12:23:38.416  INFO 2656 --- [main] o.apache.catalina.core.StandardService   : Starting service [Tomcat]
2021-05-05 12:23:38.417  INFO 2656 --- [main] org.apache.catalina.core.StandardEngine  : Starting Servlet engine: [Apache Tomcat/9.0.45]
2021-05-05 12:23:38.566  INFO 2656 --- [main] o.a.c.c.C.[Tomcat].[localhost].[/]       : Initializing Spring embedded WebApplicationContext
2021-05-05 12:23:38.566  INFO 2656 --- [main] w.s.c.ServletWebServerApplicationContext : Root WebApplicationContext: initialization completed in 1671 ms
2021-05-05 12:23:38.842  INFO 2656 --- [main] o.hibernate.jpa.internal.util.LogHelper  : HHH000204: Processing PersistenceUnitInfo [name: default]
2021-05-05 12:23:38.911  INFO 2656 --- [main] org.hibernate.Version                    : HHH000412: Hibernate ORM core version 5.4.30.Final
2021-05-05 12:23:39.124  INFO 2656 --- [main] o.hibernate.annotations.common.Version   : HCANN000001: Hibernate Commons Annotations {5.1.2.Final}
2021-05-05 12:23:39.275  INFO 2656 --- [main] com.zaxxer.hikari.HikariDataSource       : HikariPool-1 - Starting...
2021-05-05 12:23:41.164  INFO 2656 --- [main] com.zaxxer.hikari.HikariDataSource       : HikariPool-1 - Start completed.
2021-05-05 12:23:41.205  INFO 2656 --- [main] org.hibernate.dialect.Dialect            : HHH000400: Using dialect: org.hibernate.dialect.MySQL8Dialect
2021-05-05 12:23:43.445  INFO 2656 --- [main] o.h.e.t.j.p.i.JtaPlatformInitiator       : HHH000490: Using JtaPlatform implementation: [org.hibernate.engine.transaction.jta.platform.internal.NoJtaPlatform]
2021-05-05 12:23:43.470  INFO 2656 --- [main] j.LocalContainerEntityManagerFactoryBean : Initialized JPA EntityManagerFactory for persistence unit 'default'
2021-05-05 12:23:43.873  WARN 2656 --- [main] JpaBaseConfiguration$JpaWebConfiguration : spring.jpa.open-in-view is enabled by default. Therefore, database queries may be performed during view rendering. Explicitly configure spring.jpa.open-in-view to disable this warning
2021-05-05 12:23:44.285  INFO 2656 --- [main] o.s.b.w.embedded.tomcat.TomcatWebServer  : Tomcat started on port(s): 8080 (http) with context path ''
2021-05-05 12:23:44.293  INFO 2656 --- [main] pe.edu.pucp.sia.SiaApplication           : Started SiaApplication in 7.999 seconds (JVM running for 9.074)
2021-05-05 12:23:51.757  INFO 2656 --- [http-nio-8080-exec-1] o.a.c.c.C.[Tomcat].[localhost].[/]       : Initializing Spring DispatcherServlet 'dispatcherServlet'
2021-05-05 12:23:51.757  INFO 2656 --- [http-nio-8080-exec-1] o.s.web.servlet.DispatcherServlet        : Initializing Servlet 'dispatcherServlet'
2021-05-05 12:23:51.758  INFO 2656 --- [http-nio-8080-exec-1] o.s.web.servlet.DispatcherServlet        : Completed initialization in 1 ms
2021-05-05 12:23:51.801  INFO 2656 --- [http-nio-8080-exec-1] p.e.p.sia.controller.PersonController    : Entered method listPerson()
2021-05-05 12:24:15.279  INFO 2656 --- [http-nio-8080-exec-4] p.e.p.sia.controller.SemesterController  : Entered method listSemester()
2021-05-05 12:24:58.365  INFO 2656 --- [RMI TCP Connection(10)-127.0.0.1] inMXBeanRegistrar$SpringApplicationAdmin : Application shutdown requested.
2021-05-05 12:24:58.407  INFO 2656 --- [RMI TCP Connection(10)-127.0.0.1] j.LocalContainerEntityManagerFactoryBean : Closing JPA EntityManagerFactory for persistence unit 'default'
2021-05-05 12:24:58.411  INFO 2656 --- [RMI TCP Connection(10)-127.0.0.1] com.zaxxer.hikari.HikariDataSource       : HikariPool-1 - Shutdown initiated...
2021-05-05 12:24:59.559  INFO 2656 --- [RMI TCP Connection(10)-127.0.0.1] com.zaxxer.hikari.HikariDataSource       : HikariPool-1 - Shutdown completed.
